<?xml version="1.0" encoding="UTF-8"?>
<testsuite xmlns:xsi="http://www.w3.org/2001/XMLSchema-instance" xsi:noNamespaceSchemaLocation="https://maven.apache.org/surefire/maven-surefire-plugin/xsd/surefire-test-report-3.0.xsd" version="3.0" name="UtilTest" time="0.329" tests="1" errors="1" skipped="0" failures="0">
  <properties>
[...]
</properties>
  <testcase name="openTest" classname="UtilTest" time="0.29">
    <error type="java.lang.NullPointerException"><![CDATA[java.lang.NullPointerException
	at com.emotion.analysis.util.SqlSessionUtil.openSession(SqlSessionUtil.java:37)
	at UtilTest.openTest(UtilTest.java:8)
	at sun.reflect.NativeMethodAccessorImpl.invoke0(Native Method)
	at sun.reflect.NativeMethodAccessorImpl.invoke(NativeMethodAccessorImpl.java:62)
	at sun.reflect.DelegatingMethodAccessorImpl.invoke(DelegatingMethodAccessorImpl.java:43)
	at java.lang.reflect.Method.invoke(Method.java:498)
	at org.junit.runners.model.FrameworkMethod$1.runReflectiveCall(FrameworkMethod.java:59)
	at org.junit.internal.runners.model.ReflectiveCallable.run(ReflectiveCallable.java:12)
	at org.junit.runners.model.FrameworkMethod.invokeExplosively(FrameworkMethod.java:56)
	at org.junit.internal.runners.statements.InvokeMethod.evaluate(InvokeMethod.java:17)
	at org.junit.runners.ParentRunner$3.evaluate(ParentRunner.java:306)
	at org.junit.runners.BlockJUnit4ClassRunner$1.evaluate(BlockJUnit4ClassRunner.java:100)
	at org.junit.runners.ParentRunner.runLeaf(ParentRunner.java:366)
	at org.junit.runners.BlockJUnit4ClassRunner.runChild(BlockJUnit4ClassRunner.java:103)
	at org.junit.runners.BlockJUnit4ClassRunner.runChild(BlockJUnit4ClassRunner.java:63)
	at org.junit.runners.ParentRunner$4.run(ParentRunner.java:331)
	at org.junit.runners.ParentRunner$1.schedule(ParentRunner.java:79)
	at org.junit.runners.ParentRunner.runChildren(ParentRunner.java:329)
	at org.junit.runners.ParentRunner.access$100(ParentRunner.java:66)
	at org.junit.runners.ParentRunner$2.evaluate(ParentRunner.java:293)
	at org.junit.runners.ParentRunner$3.evaluate(ParentRunner.java:306)
	at org.junit.runners.ParentRunner.run(ParentRunner.java:413)
	at org.apache.maven.surefire.junit4.JUnit4Provider.execute(JUnit4Provider.java:377)
	at org.apache.maven.surefire.junit4.JUnit4Provider.executeWithRerun(JUnit4Provider.java:284)
	at org.apache.maven.surefire.junit4.JUnit4Provider.executeTestSet(JUnit4Provider.java:248)
	at org.apache.maven.surefire.junit4.JUnit4Provider.invoke(JUnit4Provider.java:167)
	at org.apache.maven.surefire.booter.ForkedBooter.runSuitesInProcess(ForkedBooter.java:456)
	at org.apache.maven.surefire.booter.ForkedBooter.execute(ForkedBooter.java:169)
	at org.apache.maven.surefire.booter.ForkedBooter.run(ForkedBooter.java:595)
	at org.apache.maven.surefire.booter.ForkedBooter.main(ForkedBooter.java:581)
]]></error>
    <system-out><![CDATA[2023-02-22 21:13:33.368 [main] DEBUG org.apache.ibatis.logging.LogFactory - Logging initialized using 'class org.apache.ibatis.logging.slf4j.Slf4jImpl' adapter.
2023-02-22 21:13:33.371 [main] DEBUG org.apache.ibatis.logging.LogFactory - Logging initialized using 'class org.apache.ibatis.logging.slf4j.Slf4jImpl' adapter.
2023-02-22 21:13:33.373 [main] DEBUG org.apache.ibatis.io.VFS - Class not found: org.jboss.vfs.VFS
2023-02-22 21:13:33.374 [main] DEBUG org.apache.ibatis.io.JBoss6VFS - JBoss 6 VFS API is not available in this environment.
2023-02-22 21:13:33.374 [main] DEBUG org.apache.ibatis.io.VFS - Class not found: org.jboss.vfs.VirtualFile
2023-02-22 21:13:33.374 [main] DEBUG org.apache.ibatis.io.VFS - VFS implementation org.apache.ibatis.io.JBoss6VFS is not valid in this environment.
2023-02-22 21:13:33.375 [main] DEBUG org.apache.ibatis.io.VFS - Using VFS adapter org.apache.ibatis.io.DefaultVFS
2023-02-22 21:13:33.375 [main] DEBUG org.apache.ibatis.io.DefaultVFS - Find JAR URL: file:/home/binjunkai/repo/IdeaProjects/EmotionAnalysis/target/test-classes/
2023-02-22 21:13:33.375 [main] DEBUG org.apache.ibatis.io.DefaultVFS - Not a JAR: file:/home/binjunkai/repo/IdeaProjects/EmotionAnalysis/target/test-classes/
2023-02-22 21:13:33.403 [main] DEBUG org.apache.ibatis.io.DefaultVFS - Reader entry: UtilTest.class
2023-02-22 21:13:33.403 [main] DEBUG org.apache.ibatis.io.DefaultVFS - Find JAR URL: file:/home/binjunkai/repo/IdeaProjects/EmotionAnalysis/target/classes/
2023-02-22 21:13:33.403 [main] DEBUG org.apache.ibatis.io.DefaultVFS - Not a JAR: file:/home/binjunkai/repo/IdeaProjects/EmotionAnalysis/target/classes/
2023-02-22 21:13:33.405 [main] DEBUG org.apache.ibatis.io.DefaultVFS - Reader entry: com
2023-02-22 21:13:33.418 [main] DEBUG o.apache.ibatis.datasource.pooled.PooledDataSource - PooledDataSource forcefully closed/removed all connections.
2023-02-22 21:13:33.418 [main] DEBUG o.apache.ibatis.datasource.pooled.PooledDataSource - PooledDataSource forcefully closed/removed all connections.
2023-02-22 21:13:33.418 [main] DEBUG o.apache.ibatis.datasource.pooled.PooledDataSource - PooledDataSource forcefully closed/removed all connections.
2023-02-22 21:13:33.419 [main] DEBUG o.apache.ibatis.datasource.pooled.PooledDataSource - PooledDataSource forcefully closed/removed all connections.
2023-02-22 21:13:33.421 [main] DEBUG org.apache.ibatis.io.DefaultVFS - Find JAR URL: file:/home/binjunkai/repo/IdeaProjects/EmotionAnalysis/target/test-classes/
2023-02-22 21:13:33.421 [main] DEBUG org.apache.ibatis.io.DefaultVFS - Not a JAR: file:/home/binjunkai/repo/IdeaProjects/EmotionAnalysis/target/test-classes/
2023-02-22 21:13:33.421 [main] DEBUG org.apache.ibatis.io.DefaultVFS - Reader entry: UtilTest.class
2023-02-22 21:13:33.421 [main] DEBUG org.apache.ibatis.io.DefaultVFS - Find JAR URL: file:/home/binjunkai/repo/IdeaProjects/EmotionAnalysis/target/classes/
2023-02-22 21:13:33.422 [main] DEBUG org.apache.ibatis.io.DefaultVFS - Not a JAR: file:/home/binjunkai/repo/IdeaProjects/EmotionAnalysis/target/classes/
2023-02-22 21:13:33.422 [main] DEBUG org.apache.ibatis.io.DefaultVFS - Reader entry: com
]]></system-out>
  </testcase>
</testsuite>